<?xml version="1.0" encoding="UTF-8"?>
<!-- Generated by org.testng.reporters.JUnitXMLReporter -->
<testsuite ignored="0" hostname="DESKTOP-RSFGGM3" failures="0" tests="6" name="Default test" time="19.593" errors="0" timestamp="2023-05-08T16:48:13 IST">
  <testcase classname="api.test.DDtests" name="testPostuser" time="7.227"/>
  <testcase classname="api.test.DDtests" name="testPostuser" time="1.386"/>
  <testcase classname="api.test.DDtests" name="testPostuser" time="1.303"/>
  <testcase classname="api.test.DDtests" name="testDeleteuserByNames" time="1.482"/>
  <testcase classname="api.test.DDtests" name="testDeleteuserByNames" time="1.252"/>
  <testcase classname="api.test.DDtests" name="testDeleteuserByNames" time="1.453"/>
</testsuite> <!-- Default test -->
