<?xml version="1.0" encoding="UTF-8"?>
<testsuite xmlns:xsi="http://www.w3.org/2001/XMLSchema-instance" xsi:noNamespaceSchemaLocation="https://maven.apache.org/surefire/maven-surefire-plugin/xsd/surefire-test-report-3.0.xsd" version="3.0" name="TestSuite" time="12.793" tests="4" errors="0" skipped="0" failures="0">
  <properties>
[...]
</properties>
  <testcase name="testpostuser" classname="api.test.Usertest" time="4.862">
    <system-out><![CDATA[First name Ciera
Last name Berge
User name richard.wisozk
HTTP/1.1 200 OK
Date: Wed, 03 May 2023 15:23:14 GMT
Content-Type: application/json
Transfer-Encoding: chunked
Connection: keep-alive
Access-Control-Allow-Origin: *
Access-Control-Allow-Methods: GET, POST, DELETE, PUT
Access-Control-Allow-Headers: Content-Type, api_key, Authorization
Server: Jetty(9.2.9.v20150224)

{
    "code": 200,
    "type": "unknown",
    "message": "1604247316"
}
]]></system-out>
    <system-err><![CDATA[SLF4J: Failed to load class "org.slf4j.impl.StaticLoggerBinder".
SLF4J: Defaulting to no-operation (NOP) logger implementation
SLF4J: See http://www.slf4j.org/codes.html#StaticLoggerBinder for further details.
]]></system-err>
  </testcase>
  <testcase name="testGetuserByName" classname="api.test.Usertest" time="1.498"/>
  <testcase name="testUpdateuserByName" classname="api.test.Usertest" time="3.112">
    <system-out><![CDATA[HTTP/1.1 200 OK
Date: Wed, 03 May 2023 15:23:19 GMT
Content-Type: application/json
Transfer-Encoding: chunked
Connection: keep-alive
Access-Control-Allow-Origin: *
Access-Control-Allow-Methods: GET, POST, DELETE, PUT
Access-Control-Allow-Headers: Content-Type, api_key, Authorization
Server: Jetty(9.2.9.v20150224)

{
    "id": 1604247316,
    "username": "richard.wisozk",
    "email": "emmanuel.ebert@example.com",
    "password": "npxa3",
    "phone": "783-700-8162",
    "userStatus": 0
}
]]></system-out>
  </testcase>
  <testcase name="testDeleteuserByName" classname="api.test.Usertest" time="1.369"/>
</testsuite>