<?xml version="1.0" encoding="UTF-8"?>
<testng-results ignored="0" total="4" passed="4" failed="0" skipped="0">
  <reporter-output>
  </reporter-output>
  <suite started-at="2023-05-03T20:52:31 IST" name="PetSuite" finished-at="2023-05-03T20:52:42 IST" duration-ms="11585">
    <groups>
    </groups>
    <test started-at="2023-05-03T20:52:31 IST" name="Test" finished-at="2023-05-03T20:52:42 IST" duration-ms="11585">
      <class name="api.test.Usertest">
        <test-method is-config="true" signature="Setup_data()[pri:0, instance:api.test.Usertest@be64738]" started-at="2023-05-03T20:52:31 IST" name="Setup_data" finished-at="2023-05-03T20:52:31 IST" duration-ms="324" status="PASS">
          <reporter-output>
          </reporter-output>
        </test-method> <!-- Setup_data -->
        <test-method signature="testpostuser()[pri:1, instance:api.test.Usertest@be64738]" started-at="2023-05-03T20:52:31 IST" name="testpostuser" finished-at="2023-05-03T20:52:36 IST" duration-ms="4840" status="PASS">
          <reporter-output>
          </reporter-output>
        </test-method> <!-- testpostuser -->
        <test-method signature="testGetuserByName()[pri:2, instance:api.test.Usertest@be64738]" started-at="2023-05-03T20:52:36 IST" name="testGetuserByName" finished-at="2023-05-03T20:52:38 IST" duration-ms="1482" status="PASS">
          <reporter-output>
          </reporter-output>
        </test-method> <!-- testGetuserByName -->
        <test-method signature="testUpdateuserByName()[pri:3, instance:api.test.Usertest@be64738]" started-at="2023-05-03T20:52:38 IST" name="testUpdateuserByName" finished-at="2023-05-03T20:52:41 IST" duration-ms="3109" status="PASS">
          <reporter-output>
          </reporter-output>
        </test-method> <!-- testUpdateuserByName -->
        <test-method signature="testDeleteuserByName()[pri:4, instance:api.test.Usertest@be64738]" started-at="2023-05-03T20:52:41 IST" name="testDeleteuserByName" finished-at="2023-05-03T20:52:42 IST" duration-ms="1382" status="PASS">
          <reporter-output>
          </reporter-output>
        </test-method> <!-- testDeleteuserByName -->
      </class> <!-- api.test.Usertest -->
    </test> <!-- Test -->
  </suite> <!-- PetSuite -->
</testng-results>
