<?xml version="1.0" encoding="UTF-8"?>
<testng-results ignored="0" total="6" passed="6" failed="0" skipped="0">
  <reporter-output>
  </reporter-output>
  <suite started-at="2023-05-08T16:49:15 IST" name="PetSuite" finished-at="2023-05-08T16:49:37 IST" duration-ms="21428">
    <groups>
    </groups>
    <test started-at="2023-05-08T16:49:15 IST" name="Test" finished-at="2023-05-08T16:49:37 IST" duration-ms="21428">
      <class name="api.test.DDtests">
        <test-method signature="testPostuser(java.lang.String,java.lang.String,java.lang.String,java.lang.String,java.lang.String,java.lang.String,java.lang.String)[pri:1, instance:api.test.DDtests@4a7f959b]" started-at="2023-05-08T16:49:20 IST" name="testPostuser" data-provider="Data" finished-at="2023-05-08T16:49:28 IST" duration-ms="7341" status="PASS">
          <params>
            <param index="0">
              <value>
                <![CDATA[1]]>
              </value>
            </param>
            <param index="1">
              <value>
                <![CDATA[Amit]]>
              </value>
            </param>
            <param index="2">
              <value>
                <![CDATA[Amit ]]>
              </value>
            </param>
            <param index="3">
              <value>
                <![CDATA[Kr]]>
              </value>
            </param>
            <param index="4">
              <value>
                <![CDATA[amitkr@gmail.com]]>
              </value>
            </param>
            <param index="5">
              <value>
                <![CDATA[Amit]]>
              </value>
            </param>
            <param index="6">
              <value>
                <![CDATA[12345]]>
              </value>
            </param>
          </params>
          <reporter-output>
          </reporter-output>
        </test-method> <!-- testPostuser -->
        <test-method signature="testPostuser(java.lang.String,java.lang.String,java.lang.String,java.lang.String,java.lang.String,java.lang.String,java.lang.String)[pri:1, instance:api.test.DDtests@4a7f959b]" started-at="2023-05-08T16:49:28 IST" name="testPostuser" data-provider="Data" finished-at="2023-05-08T16:49:30 IST" duration-ms="2555" status="PASS">
          <params>
            <param index="0">
              <value>
                <![CDATA[2]]>
              </value>
            </param>
            <param index="1">
              <value>
                <![CDATA[Tafajjul]]>
              </value>
            </param>
            <param index="2">
              <value>
                <![CDATA[Tafajjul]]>
              </value>
            </param>
            <param index="3">
              <value>
                <![CDATA[Zilani]]>
              </value>
            </param>
            <param index="4">
              <value>
                <![CDATA[Tafajjul@gmail.com]]>
              </value>
            </param>
            <param index="5">
              <value>
                <![CDATA[Tafajjul]]>
              </value>
            </param>
            <param index="6">
              <value>
                <![CDATA[12345]]>
              </value>
            </param>
          </params>
          <reporter-output>
          </reporter-output>
        </test-method> <!-- testPostuser -->
        <test-method signature="testPostuser(java.lang.String,java.lang.String,java.lang.String,java.lang.String,java.lang.String,java.lang.String,java.lang.String)[pri:1, instance:api.test.DDtests@4a7f959b]" started-at="2023-05-08T16:49:30 IST" name="testPostuser" data-provider="Data" finished-at="2023-05-08T16:49:32 IST" duration-ms="1513" status="PASS">
          <params>
            <param index="0">
              <value>
                <![CDATA[3]]>
              </value>
            </param>
            <param index="1">
              <value>
                <![CDATA[Kishan]]>
              </value>
            </param>
            <param index="2">
              <value>
                <![CDATA[A.R]]>
              </value>
            </param>
            <param index="3">
              <value>
                <![CDATA[Kishan]]>
              </value>
            </param>
            <param index="4">
              <value>
                <![CDATA[Ak@gmail.com]]>
              </value>
            </param>
            <param index="5">
              <value>
                <![CDATA[Kishan]]>
              </value>
            </param>
            <param index="6">
              <value>
                <![CDATA[123456]]>
              </value>
            </param>
          </params>
          <reporter-output>
          </reporter-output>
        </test-method> <!-- testPostuser -->
        <test-method signature="testDeleteuserByNames(java.lang.String)[pri:2, instance:api.test.DDtests@4a7f959b]" started-at="2023-05-08T16:49:32 IST" name="testDeleteuserByNames" data-provider="UserNames" finished-at="2023-05-08T16:49:33 IST" duration-ms="1604" status="PASS">
          <params>
            <param index="0">
              <value>
                <![CDATA[Amit]]>
              </value>
            </param>
          </params>
          <reporter-output>
          </reporter-output>
        </test-method> <!-- testDeleteuserByNames -->
        <test-method signature="testDeleteuserByNames(java.lang.String)[pri:2, instance:api.test.DDtests@4a7f959b]" started-at="2023-05-08T16:49:33 IST" name="testDeleteuserByNames" data-provider="UserNames" finished-at="2023-05-08T16:49:35 IST" duration-ms="1485" status="PASS">
          <params>
            <param index="0">
              <value>
                <![CDATA[Tafajjul]]>
              </value>
            </param>
          </params>
          <reporter-output>
          </reporter-output>
        </test-method> <!-- testDeleteuserByNames -->
        <test-method signature="testDeleteuserByNames(java.lang.String)[pri:2, instance:api.test.DDtests@4a7f959b]" started-at="2023-05-08T16:49:35 IST" name="testDeleteuserByNames" data-provider="UserNames" finished-at="2023-05-08T16:49:37 IST" duration-ms="1582" status="PASS">
          <params>
            <param index="0">
              <value>
                <![CDATA[Kishan]]>
              </value>
            </param>
          </params>
          <reporter-output>
          </reporter-output>
        </test-method> <!-- testDeleteuserByNames -->
      </class> <!-- api.test.DDtests -->
    </test> <!-- Test -->
  </suite> <!-- PetSuite -->
</testng-results>
