<?xml version="1.0" encoding="UTF-8"?>
<!-- Generated by org.testng.reporters.JUnitXMLReporter -->
<testsuite ignored="0" hostname="DESKTOP-RSFGGM3" failures="0" tests="4" name="Test" time="11.585" errors="0" timestamp="2023-05-03T20:52:42 IST">
  <testcase classname="api.test.Usertest" name="testpostuser" time="4.84"/>
  <testcase classname="api.test.Usertest" name="testGetuserByName" time="1.482"/>
  <testcase classname="api.test.Usertest" name="testUpdateuserByName" time="3.109"/>
  <testcase classname="api.test.Usertest" name="testDeleteuserByName" time="1.382"/>
</testsuite> <!-- Test -->
