<?xml version="1.0" encoding="UTF-8"?>
<!-- Generated by org.testng.reporters.JUnitXMLReporter -->
<testsuite ignored="0" hostname="DESKTOP-RSFGGM3" failures="0" tests="6" name="Test" time="21.428" errors="0" timestamp="2023-05-08T16:49:37 IST">
  <testcase classname="api.test.DDtests" name="testPostuser" time="7.341"/>
  <testcase classname="api.test.DDtests" name="testPostuser" time="2.555"/>
  <testcase classname="api.test.DDtests" name="testPostuser" time="1.513"/>
  <testcase classname="api.test.DDtests" name="testDeleteuserByNames" time="1.604"/>
  <testcase classname="api.test.DDtests" name="testDeleteuserByNames" time="1.485"/>
  <testcase classname="api.test.DDtests" name="testDeleteuserByNames" time="1.582"/>
</testsuite> <!-- Test -->
